
> @universal-fhevm/react@0.1.0 build /Users/guihaihua/lumao/ZAMA/build-an-universal-fhevm-sdk/packages/react
> tsup

▲ [WARNING] The condition "types" here will never be used as it comes after both "import" and "require" [package.json]

    package.json:12:6:
      12 │       "types": "./dist/index.d.ts"
         ╵       ~~~~~~~

  The "import" condition comes earlier and will be used for all "import" statements:

    package.json:10:6:
      10 │       "import": "./dist/index.mjs",
         ╵       ~~~~~~~~

  The "require" condition comes earlier and will be used for all "require" calls:

    package.json:11:6:
      11 │       "require": "./dist/index.js",
         ╵       ~~~~~~~~~

CLI Building entry: src/index.ts
CLI Using tsconfig: tsconfig.json
CLI tsup v8.5.0
CLI Using tsup config: /Users/guihaihua/lumao/ZAMA/build-an-universal-fhevm-sdk/packages/react/tsup.config.ts
CLI Target: es2020
CLI Cleaning output folder
CJS Build start
ESM Build start

 WARN  [33m▲ [43;33m[[43;30mWARNING[43;33m][0m [1mThe condition "types" here will never be used as it comes after both "import" and "require"[0m [package.json]

    package.json:12:6:
[37m      12 │       [32m"types"[37m: "./dist/index.d.ts"
         ╵       [32m~~~~~~~[0m

  The "import" condition comes earlier and will be used for all "import" statements:

    package.json:10:6:
[37m      10 │       [32m"import"[37m: "./dist/index.mjs",
         ╵       [32m~~~~~~~~[0m

  The "require" condition comes earlier and will be used for all "require" calls:

    package.json:11:6:
[37m      11 │       [32m"require"[37m: "./dist/index.js",
         ╵       [32m~~~~~~~~~[0m




 WARN  [33m▲ [43;33m[[43;30mWARNING[43;33m][0m [1mThe condition "types" here will never be used as it comes after both "import" and "require"[0m [package.json]

    package.json:12:6:
[37m      12 │       [32m"types"[37m: "./dist/index.d.ts"
         ╵       [32m~~~~~~~[0m

  The "import" condition comes earlier and will be used for all "import" statements:

    package.json:10:6:
[37m      10 │       [32m"import"[37m: "./dist/index.mjs",
         ╵       [32m~~~~~~~~[0m

  The "require" condition comes earlier and will be used for all "require" calls:

    package.json:11:6:
[37m      11 │       [32m"require"[37m: "./dist/index.js",
         ╵       [32m~~~~~~~~~[0m



CJS dist/index.js     4.40 KB
CJS dist/index.js.map 10.55 KB
CJS ⚡️ Build success in 70ms
ESM dist/index.mjs     4.17 KB
ESM dist/index.mjs.map 10.42 KB
ESM ⚡️ Build success in 70ms
DTS Build start
DTS ⚡️ Build success in 539ms
DTS dist/index.d.ts  3.16 KB
DTS dist/index.d.mts 3.16 KB
